<?xml version="1.0" encoding="UTF-8"?>
<!-- Generated by org.testng.reporters.JUnitReportReporter -->
<testsuite hostname="HP" failures="0" tests="1" name="API_Demos.Scroll" time="4.195" errors="0" timestamp="2023-08-07T09:28:18 IST" skipped="0">
  <testcase classname="API_Demos.Scroll" name="scrollHorizontal" time="4.195"/>
  <system-out/>
</testsuite> <!-- API_Demos.Scroll -->
