<?xml version="1.0" encoding="UTF-8"?>
<!-- Generated by org.testng.reporters.JUnitReportReporter -->
<testsuite hostname="HP" failures="0" tests="1" name="GooglePhotos.Pinching" time="7.903" errors="0" timestamp="2023-08-07T10:41:42 IST" skipped="0">
  <testcase classname="GooglePhotos.Pinching" name="zoomOut" time="7.903"/>
  <system-out/>
</testsuite> <!-- GooglePhotos.Pinching -->
