<?xml version="1.0" encoding="UTF-8"?>
<!-- Generated by org.testng.reporters.JUnitReportReporter -->
<testsuite hostname="HP" failures="0" tests="1" name="API_Demos.DatePicker" time="11.384" errors="0" timestamp="2023-08-08T10:03:53 IST" skipped="0">
  <testcase classname="API_Demos.DatePicker" name="dateOfBirth" time="11.384"/>
  <system-out/>
</testsuite> <!-- API_Demos.DatePicker -->
