<?xml version="1.0" encoding="UTF-8"?>
<!-- Generated by org.testng.reporters.JUnitReportReporter -->
<testsuite hostname="HP" failures="0" tests="1" name="API_Demos.LongPressMethods" time="5.972" errors="0" timestamp="2023-08-08T09:21:09 IST" skipped="0">
  <testcase classname="API_Demos.LongPressMethods" name="usingJSExecutor" time="5.972"/>
  <system-out/>
</testsuite> <!-- API_Demos.LongPressMethods -->
