<?xml version="1.0" encoding="UTF-8"?>
<!-- Generated by org.testng.reporters.JUnitReportReporter -->
<testsuite hostname="HP" failures="0" tests="2" name="Calculator.LaunchCalc" time="18.143" errors="0" timestamp="2023-08-02T11:09:26 IST" skipped="0">
  <testcase classname="Calculator.LaunchCalc" name="setCapabilities" time="14.446"/>
  <system-out/>
  <testcase classname="Calculator.LaunchCalc" name="simpleAddition" time="3.697"/>
  <system-out/>
</testsuite> <!-- Calculator.LaunchCalc -->
