<?xml version="1.0" encoding="UTF-8"?>
<!-- Generated by org.testng.reporters.JUnitReportReporter -->
<testsuite hostname="HP" failures="0" tests="1" name="API_Demos.LongPress" time="14.089" errors="0" timestamp="2023-08-04T09:58:56 IST" skipped="0">
  <testcase classname="API_Demos.LongPress" name="setCapabilities" time="14.089"/>
  <system-out/>
</testsuite> <!-- API_Demos.LongPress -->
