<?xml version="1.0" encoding="UTF-8"?>
<!-- Generated by org.testng.reporters.JUnitReportReporter -->
<testsuite hostname="HP" failures="0" tests="1" name="Calculator.CalcSetup" time="19.152" errors="0" timestamp="2023-07-29T10:00:38 IST" skipped="0">
  <testcase classname="Calculator.CalcSetup" name="setCapabilities" time="19.152"/>
  <system-out/>
</testsuite> <!-- Calculator.CalcSetup -->
